#
# There is insufficient memory for the Java Runtime Environment to continue.
# Native memory allocation (malloc) failed to allocate 953136 bytes for Chunk::new
# Possible reasons:
#   The system is out of physical RAM or swap space
#   The process is running with CompressedOops enabled, and the Java Heap may be blocking the growth of the native heap
# Possible solutions:
#   Reduce memory load on the system
#   Increase physical memory or swap space
#   Check if swap backing store is full
#   Decrease Java heap size (-Xmx/-Xms)
#   Decrease number of Java threads
#   Decrease Java thread stack sizes (-Xss)
#   Set larger code cache with -XX:ReservedCodeCacheSize=
#   JVM is running with Unscaled Compressed Oops mode in which the Java heap is
#     placed in the first 4GB address space. The Java Heap base address is the
#     maximum limit for the native heap growth. Please use -XX:HeapBaseMinAddress
#     to set the Java Heap base and to place the Java Heap above 4GB virtual address.
# This output file may be truncated or incomplete.
#
#  Out of Memory Error (allocation.cpp:389), pid=7916, tid=0x0000000000004b10
#
# JRE version: OpenJDK Runtime Environment (8.0_202-b03) (build 1.8.0_202-release-1483-b03)
# Java VM: OpenJDK 64-Bit Server VM (25.202-b03 mixed mode windows-amd64 compressed oops)
# Failed to write core dump. Minidumps are not enabled by default on client versions of Windows
#

---------------  T H R E A D  ---------------

Current thread (0x000000001635b800):  JavaThread "C2 CompilerThread0" daemon [_thread_in_native, id=19216, stack(0x0000000017ca0000,0x0000000017da0000)]

Stack: [0x0000000017ca0000,0x0000000017da0000]
[error occurred during error reporting (printing stack bounds), id 0xc0000005]

Native frames: (J=compiled Java code, j=interpreted, Vv=VM code, C=native code)


Current CompileTask:
C2: 181268 16555       4       com.android.tools.r8.graph.DexMethod::b (34 bytes)


---------------  P R O C E S S  ---------------

Java Threads: ( => current thread )
  0x000000001eaf5000 JavaThread "WorkerExecutor Queue Thread 6" [_thread_blocked, id=12136, stack(0x00000000273c0000,0x00000000274c0000)]
  0x000000001eafc000 JavaThread "ForkJoinPool.commonPool-worker-3" daemon [_thread_blocked, id=6760, stack(0x00000000270c0000,0x00000000271c0000)]
  0x000000001eaf4800 JavaThread "ForkJoinPool.commonPool-worker-2" daemon [_thread_blocked, id=19448, stack(0x0000000026fc0000,0x00000000270c0000)]
  0x000000001eafb000 JavaThread "Cache worker for Java compile cache (D:\sourceTree\2018118134_Android\Helloworld\.gradle\5.4.1\javaCompile)" [_thread_blocked, id=23020, stack(0x00000000269c0000,0x0000000026ac0000)]
  0x000000001eaf8000 JavaThread "Cache worker for Java compile cache (C:\Users\lenovo\.gradle\caches\5.4.1\javaCompile)" [_thread_blocked, id=17900, stack(0x0000000025660000,0x0000000025760000)]
  0x000000001eaf2000 JavaThread "WorkerExecutor Queue Thread 5" [_thread_blocked, id=14312, stack(0x00000000268c0000,0x00000000269c0000)]
  0x000000001eaf7800 JavaThread "stdout" [_thread_in_native, id=21496, stack(0x00000000267c0000,0x00000000268c0000)]
  0x000000001eaf3800 JavaThread "stderr" [_thread_in_native, id=23012, stack(0x00000000266c0000,0x00000000267c0000)]
  0x0000000018cb7000 JavaThread "stdout" [_thread_in_native, id=3956, stack(0x00000000265c0000,0x00000000266c0000)]
  0x0000000018cb8800 JavaThread "stderr" [_thread_in_native, id=23136, stack(0x00000000264c0000,0x00000000265c0000)]
  0x0000000018cb6800 JavaThread "stdout" [_thread_in_native, id=11564, stack(0x00000000263c0000,0x00000000264c0000)]
  0x000000001b467000 JavaThread "stderr" [_thread_in_native, id=21540, stack(0x00000000262c0000,0x00000000263c0000)]
  0x000000001b466000 JavaThread "stdout" [_thread_in_native, id=2588, stack(0x00000000261c0000,0x00000000262c0000)]
  0x000000001b464800 JavaThread "stderr" [_thread_in_native, id=17332, stack(0x00000000260c0000,0x00000000261c0000)]
  0x000000001b464000 JavaThread "pool-5-thread-1" [_thread_blocked, id=11452, stack(0x0000000025b60000,0x0000000025c60000)]
  0x000000001b465800 JavaThread "MarlinRenderer Disposer" daemon [_thread_blocked, id=19156, stack(0x0000000025dc0000,0x0000000025ec0000)]
  0x000000001b461800 JavaThread "Java2D Disposer" daemon [_thread_blocked, id=14916, stack(0x0000000025cc0000,0x0000000025dc0000)]
  0x000000001b45c800 JavaThread "WorkerExecutor Queue Thread 3" [_thread_blocked, id=18408, stack(0x0000000025560000,0x0000000025660000)]
  0x000000001b459800 JavaThread "WorkerExecutor Queue" [_thread_in_native, id=17852, stack(0x0000000025360000,0x0000000025460000)]
  0x000000001b45e000 JavaThread "Cache worker for execution history cache (D:\sourceTree\2018118134_Android\Helloworld\.gradle\5.4.1\executionHistory)" [_thread_blocked, id=22852, stack(0x0000000025260000,0x0000000025360000)]
  0x000000001b458800 JavaThread "Execution worker for ':' Thread 3" [_thread_blocked, id=8076, stack(0x0000000025160000,0x0000000025260000)]
  0x000000001ef5b000 JavaThread "Execution worker for ':' Thread 2" [_thread_blocked, id=17560, stack(0x0000000025060000,0x0000000025160000)]
  0x000000001ef58000 JavaThread "Execution worker for ':'" [_thread_blocked, id=10188, stack(0x0000000024f60000,0x0000000025060000)]
  0x000000001ef56800 JavaThread "Cache worker for file content cache (D:\sourceTree\2018118134_Android\Helloworld\.gradle\5.4.1\fileContent)" [_thread_blocked, id=14380, stack(0x0000000024e60000,0x0000000024f60000)]
  0x000000001ef5a000 JavaThread "Cache worker for file content cache (C:\Users\lenovo\.gradle\caches\5.4.1\fileContent)" [_thread_blocked, id=20592, stack(0x0000000024d60000,0x0000000024e60000)]
  0x000000001ef59800 JavaThread "Cache worker for Build Output Cleanup Cache (D:\sourceTree\2018118134_Android\Helloworld\.gradle\buildOutputCleanup)" [_thread_blocked, id=19032, stack(0x0000000024c60000,0x0000000024d60000)]
  0x000000001ef57000 JavaThread "pool-4-thread-1" [_thread_blocked, id=7820, stack(0x0000000024150000,0x0000000024250000)]
  0x000000001ef4f000 JavaThread "Build operations Thread 4" [_thread_blocked, id=15880, stack(0x0000000023780000,0x0000000023880000)]
  0x000000001ef55800 JavaThread "Build operations Thread 3" [_thread_blocked, id=11348, stack(0x0000000022d50000,0x0000000022e50000)]
  0x000000001ef55000 JavaThread "Build operations Thread 2" [_thread_blocked, id=21700, stack(0x0000000022a50000,0x0000000022b50000)]
  0x000000001ef53800 JavaThread "Build operations" [_thread_blocked, id=13456, stack(0x0000000021580000,0x0000000021680000)]
  0x000000001ef52800 JavaThread "Cache worker for cache directory md-rule (C:\Users\lenovo\.gradle\caches\5.4.1\md-rule)" [_thread_blocked, id=13552, stack(0x0000000020250000,0x0000000020350000)]
  0x000000001ef52000 JavaThread "Cache worker for cache directory md-supplier (C:\Users\lenovo\.gradle\caches\5.4.1\md-supplier)" [_thread_blocked, id=19264, stack(0x000000001fc50000,0x000000001fd50000)]
  0x000000001ef4e000 JavaThread "Cache worker for file hash cache (D:\sourceTree\2018118134_Android\Helloworld\.gradle\5.4.1\fileHashes)" [_thread_blocked, id=7244, stack(0x000000001e530000,0x000000001e630000)]
  0x000000001ef54000 JavaThread "Thread-49" [_thread_blocked, id=18056, stack(0x000000001cdc0000,0x000000001cec0000)]
  0x000000001ef51000 JavaThread "Stdin handler" [_thread_blocked, id=15700, stack(0x000000001a720000,0x000000001a820000)]
  0x000000001ef4d800 JavaThread "Asynchronous log dispatcher for DefaultDaemonConnection: socket connection from /127.0.0.1:63404 to /127.0.0.1:63562" [_thread_blocked, id=21548, stack(0x000000001a420000,0x000000001a520000)]
  0x000000001ef4f800 JavaThread "Cancel handler" [_thread_blocked, id=1776, stack(0x0000000002310000,0x0000000002410000)]
  0x000000001ef4c000 JavaThread "Handler for socket connection from /127.0.0.1:63404 to /127.0.0.1:63562" [_thread_in_native, id=23148, stack(0x0000000000990000,0x0000000000a90000)]
  0x000000001b45e800 JavaThread "Daemon worker Thread 2" [_thread_blocked, id=13528, stack(0x0000000019f20000,0x000000001a020000)]
  0x000000001b45d000 JavaThread "Daemon Thread 2" [_thread_blocked, id=20832, stack(0x0000000000890000,0x0000000000990000)]
  0x000000001b45a000 JavaThread "Memory manager" [_thread_blocked, id=21976, stack(0x0000000023050000,0x0000000023150000)]
  0x000000001b458000 JavaThread "Cache worker for execution history cache (C:\Users\lenovo\.gradle\caches\5.4.1\executionHistory)" [_thread_blocked, id=4948, stack(0x000000001ff50000,0x0000000020050000)]
  0x0000000018cba000 JavaThread "Cache worker for journal cache (C:\Users\lenovo\.gradle\caches\journal-1)" [_thread_blocked, id=4672, stack(0x000000001aa20000,0x000000001ab20000)]
  0x0000000018cb9800 JavaThread "File lock request listener" [_thread_in_native, id=3548, stack(0x000000001a920000,0x000000001aa20000)]
  0x0000000018cb5000 JavaThread "Cache worker for file hash cache (C:\Users\lenovo\.gradle\caches\5.4.1\fileHashes)" [_thread_blocked, id=19932, stack(0x000000001a820000,0x000000001a920000)]
  0x000000001827e800 JavaThread "Daemon periodic checks" [_thread_blocked, id=10816, stack(0x0000000019e20000,0x0000000019f20000)]
  0x0000000018268000 JavaThread "Incoming local TCP Connector on port 63404" [_thread_in_native, id=3204, stack(0x0000000019c70000,0x0000000019d70000)]
  0x0000000018f06000 JavaThread "Daemon health stats" [_thread_blocked, id=15208, stack(0x0000000019970000,0x0000000019a70000)]
  0x000000001771a000 JavaThread "Service Thread" daemon [_thread_blocked, id=16108, stack(0x0000000017fa0000,0x00000000180a0000)]
  0x00000000176fc800 JavaThread "C1 CompilerThread2" daemon [_thread_blocked, id=22468, stack(0x0000000017ea0000,0x0000000017fa0000)]
  0x00000000176f2000 JavaThread "C2 CompilerThread1" daemon [_thread_blocked, id=8364, stack(0x0000000017da0000,0x0000000017ea0000)]
=>0x000000001635b800 JavaThread "C2 CompilerThread0" daemon [_thread_in_native, id=19216, stack(0x0000000017ca0000,0x0000000017da0000)]
  0x000000001635a800 JavaThread "Attach Listener" daemon [_thread_blocked, id=19768, stack(0x0000000017ba0000,0x0000000017ca0000)]
  0x00000000176b0800 JavaThread "Signal Dispatcher" daemon [_thread_blocked, id=12260, stack(0x0000000017aa0000,0x0000000017ba0000)]
  0x00000000029d4800 JavaThread "Finalizer" daemon [_thread_blocked, id=22624, stack(0x00000000175a0000,0x00000000176a0000)]
  0x00000000029d1000 JavaThread "Reference Handler" daemon [_thread_blocked, id=15576, stack(0x00000000174a0000,0x00000000175a0000)]
  0x00000000006ae800 JavaThread "main" [_thread_blocked, id=19592, stack(0x00000000027e0000,0x00000000028e0000)]

Other Threads:
  0x0000000016316000 VMThread [stack: 0x00000000173a0000,0x00000000174a0000] [id=11896]
  0x000000001771b000 WatcherThread [stack: 0x00000000180a0000,0x00000000181a0000] [id=9944]

VM state:not at safepoint (normal execution)

VM Mutex/Monitor currently owned by a thread: None

OutOfMemory and StackOverflow Exception counts:
OutOfMemoryError java_heap_errors=1

heap address: 0x00000000a0000000, size: 1536 MB, Compressed Oops mode: 32-bit
Narrow klass base: 0x0000000000000000, Narrow klass shift: 3
Compressed class space size: 1073741824 Address: 0x0000000100000000

Heap:
 PSYoungGen      total 319488K, used 123784K [0x00000000e0000000, 0x00000000f4b00000, 0x0000000100000000)
  eden space 300032K, 36% used [0x00000000e0000000,0x00000000e6984580,0x00000000f2500000)
  from space 19456K, 80% used [0x00000000f2500000,0x00000000f345dcf0,0x00000000f3800000)
  to   space 12288K, 0% used [0x00000000f3f00000,0x00000000f3f00000,0x00000000f4b00000)
 ParOldGen       total 113664K, used 43177K [0x00000000a0000000, 0x00000000a6f00000, 0x00000000e0000000)
  object space 113664K, 37% used [0x00000000a0000000,0x00000000a2a2a408,0x00000000a6f00000)
 Metaspace       used 92889K, capacity 97050K, committed 97240K, reserved 1134592K
  class space    used 11974K, capacity 12784K, committed 12800K, reserved 1048576K

Card table byte_map: [0x0000000011da0000,0x00000000120b0000] byte_map_base: 0x00000000118a0000

Marking Bits: (ParMarkBitMap*) 0x0000000066ef9f30
 Begin Bits: [0x00000000126b0000, 0x0000000013eb0000)
 End Bits:   [0x0000000013eb0000, 0x00000000156b0000)

Polling page: 0x0000000000650000

CodeCache: size=245760Kb used=45577Kb max_used=46172Kb free=200182Kb
 bounds [0x00000000029e0000, 0x00000000057b0000, 0x00000000119e0000]
 total_blobs=14813 nmethods=13820 adapters=904
 compilation: enabled

Compilation events (10 events):
Event: 181.160 Thread 0x00000000176f2000 nmethod 16643 0x00000000047f2890 code [0x00000000047f29e0, 0x00000000047f2e48]
Event: 181.160 Thread 0x00000000176fc800 nmethod 16652 0x00000000033186d0 code [0x0000000003318840, 0x0000000003318b48]
Event: 181.160 Thread 0x00000000176fc800 16653       3       java.lang.StackTraceElement::toString (140 bytes)
Event: 181.161 Thread 0x00000000176fc800 nmethod 16653 0x00000000051f7d50 code [0x00000000051f8080, 0x00000000051f9cc8]
Event: 181.161 Thread 0x00000000176fc800 16645   !   3       com.android.tools.analytics.StubbableLazy::getValue (65 bytes)
Event: 181.161 Thread 0x00000000176fc800 nmethod 16645 0x0000000005081dd0 code [0x0000000005081fa0, 0x0000000005082858]
Event: 181.162 Thread 0x00000000176fc800 16654   !   3       java.io.PrintWriter::write (58 bytes)
Event: 181.162 Thread 0x00000000176fc800 nmethod 16654 0x0000000002cb0590 code [0x0000000002cb0740, 0x0000000002cb0de8]
Event: 181.162 Thread 0x00000000176fc800 16646       3       com.android.tools.analytics.CommonMetricsData$GarbageCollectionStatsDiffs::getCollections (5 bytes)
Event: 181.162 Thread 0x00000000176fc800 nmethod 16646 0x0000000002d49bd0 code [0x0000000002d49d20, 0x0000000002d49e70]

GC Heap History (10 events):
Event: 133.557 GC heap before
{Heap before GC invocations=16 (full 3):
 PSYoungGen      total 204288K, used 185856K [0x00000000e0000000, 0x00000000ef380000, 0x0000000100000000)
  eden space 185856K, 100% used [0x00000000e0000000,0x00000000eb580000,0x00000000eb580000)
  from space 18432K, 0% used [0x00000000ec800000,0x00000000ec800000,0x00000000eda00000)
  to   space 18944K, 0% used [0x00000000eb580000,0x00000000eb580000,0x00000000ec800000)
 ParOldGen       total 113664K, used 27666K [0x00000000a0000000, 0x00000000a6f00000, 0x00000000e0000000)
  object space 113664K, 24% used [0x00000000a0000000,0x00000000a1b048a8,0x00000000a6f00000)
 Metaspace       used 67941K, capacity 70324K, committed 70488K, reserved 1110016K
  class space    used 8998K, capacity 9527K, committed 9600K, reserved 1048576K
Event: 133.583 GC heap after
Heap after GC invocations=16 (full 3):
 PSYoungGen      total 204800K, used 17794K [0x00000000e0000000, 0x00000000f1e00000, 0x0000000100000000)
  eden space 185856K, 0% used [0x00000000e0000000,0x00000000e0000000,0x00000000eb580000)
  from space 18944K, 93% used [0x00000000eb580000,0x00000000ec6e0990,0x00000000ec800000)
  to   space 21504K, 0% used [0x00000000f0900000,0x00000000f0900000,0x00000000f1e00000)
 ParOldGen       total 113664K, used 27666K [0x00000000a0000000, 0x00000000a6f00000, 0x00000000e0000000)
  object space 113664K, 24% used [0x00000000a0000000,0x00000000a1b048a8,0x00000000a6f00000)
 Metaspace       used 67941K, capacity 70324K, committed 70488K, reserved 1110016K
  class space    used 8998K, capacity 9527K, committed 9600K, reserved 1048576K
}
Event: 161.336 GC heap before
{Heap before GC invocations=17 (full 3):
 PSYoungGen      total 204800K, used 203650K [0x00000000e0000000, 0x00000000f1e00000, 0x0000000100000000)
  eden space 185856K, 100% used [0x00000000e0000000,0x00000000eb580000,0x00000000eb580000)
  from space 18944K, 93% used [0x00000000eb580000,0x00000000ec6e0990,0x00000000ec800000)
  to   space 21504K, 0% used [0x00000000f0900000,0x00000000f0900000,0x00000000f1e00000)
 ParOldGen       total 113664K, used 27666K [0x00000000a0000000, 0x00000000a6f00000, 0x00000000e0000000)
  object space 113664K, 24% used [0x00000000a0000000,0x00000000a1b048a8,0x00000000a6f00000)
 Metaspace       used 73179K, capacity 76216K, committed 76248K, reserved 1116160K
  class space    used 9577K, capacity 10213K, committed 10240K, reserved 1048576K
Event: 161.363 GC heap after
Heap after GC invocations=17 (full 3):
 PSYoungGen      total 253952K, used 10353K [0x00000000e0000000, 0x00000000f1480000, 0x0000000100000000)
  eden space 242176K, 0% used [0x00000000e0000000,0x00000000e0000000,0x00000000eec80000)
  from space 11776K, 87% used [0x00000000f0900000,0x00000000f131c5f0,0x00000000f1480000)
  to   space 20480K, 0% used [0x00000000eec80000,0x00000000eec80000,0x00000000f0080000)
 ParOldGen       total 113664K, used 36010K [0x00000000a0000000, 0x00000000a6f00000, 0x00000000e0000000)
  object space 113664K, 31% used [0x00000000a0000000,0x00000000a232ab28,0x00000000a6f00000)
 Metaspace       used 73179K, capacity 76216K, committed 76248K, reserved 1116160K
  class space    used 9577K, capacity 10213K, committed 10240K, reserved 1048576K
}
Event: 168.096 GC heap before
{Heap before GC invocations=18 (full 3):
 PSYoungGen      total 253952K, used 252529K [0x00000000e0000000, 0x00000000f1480000, 0x0000000100000000)
  eden space 242176K, 100% used [0x00000000e0000000,0x00000000eec80000,0x00000000eec80000)
  from space 11776K, 87% used [0x00000000f0900000,0x00000000f131c5f0,0x00000000f1480000)
  to   space 20480K, 0% used [0x00000000eec80000,0x00000000eec80000,0x00000000f0080000)
 ParOldGen       total 113664K, used 36010K [0x00000000a0000000, 0x00000000a6f00000, 0x00000000e0000000)
  object space 113664K, 31% used [0x00000000a0000000,0x00000000a232ab28,0x00000000a6f00000)
 Metaspace       used 77993K, capacity 81250K, committed 81368K, reserved 1120256K
  class space    used 10034K, capacity 10702K, committed 10752K, reserved 1048576K
Event: 168.123 GC heap after
Heap after GC invocations=18 (full 3):
 PSYoungGen      total 262656K, used 6687K [0x00000000e0000000, 0x00000000f5280000, 0x0000000100000000)
  eden space 242176K, 0% used [0x00000000e0000000,0x00000000e0000000,0x00000000eec80000)
  from space 20480K, 32% used [0x00000000eec80000,0x00000000ef307f60,0x00000000f0080000)
  to   space 19968K, 0% used [0x00000000f3f00000,0x00000000f3f00000,0x00000000f5280000)
 ParOldGen       total 113664K, used 43153K [0x00000000a0000000, 0x00000000a6f00000, 0x00000000e0000000)
  object space 113664K, 37% used [0x00000000a0000000,0x00000000a2a24408,0x00000000a6f00000)
 Metaspace       used 77993K, capacity 81250K, committed 81368K, reserved 1120256K
  class space    used 10034K, capacity 10702K, committed 10752K, reserved 1048576K
}
Event: 175.763 GC heap before
{Heap before GC invocations=19 (full 3):
 PSYoungGen      total 262656K, used 248863K [0x00000000e0000000, 0x00000000f5280000, 0x0000000100000000)
  eden space 242176K, 100% used [0x00000000e0000000,0x00000000eec80000,0x00000000eec80000)
  from space 20480K, 32% used [0x00000000eec80000,0x00000000ef307f60,0x00000000f0080000)
  to   space 19968K, 0% used [0x00000000f3f00000,0x00000000f3f00000,0x00000000f5280000)
 ParOldGen       total 113664K, used 43153K [0x00000000a0000000, 0x00000000a6f00000, 0x00000000e0000000)
  object space 113664K, 37% used [0x00000000a0000000,0x00000000a2a24408,0x00000000a6f00000)
 Metaspace       used 83310K, capacity 86438K, committed 86616K, reserved 1124352K
  class space    used 10632K, capacity 11282K, committed 11392K, reserved 1048576K
Event: 175.813 GC heap after
Heap after GC invocations=19 (full 3):
 PSYoungGen      total 312320K, used 10025K [0x00000000e0000000, 0x00000000f4b00000, 0x0000000100000000)
  eden space 300032K, 0% used [0x00000000e0000000,0x00000000e0000000,0x00000000f2500000)
  from space 12288K, 81% used [0x00000000f3f00000,0x00000000f48ca788,0x00000000f4b00000)
  to   space 19456K, 0% used [0x00000000f2500000,0x00000000f2500000,0x00000000f3800000)
 ParOldGen       total 113664K, used 43161K [0x00000000a0000000, 0x00000000a6f00000, 0x00000000e0000000)
  object space 113664K, 37% used [0x00000000a0000000,0x00000000a2a26408,0x00000000a6f00000)
 Metaspace       used 83310K, capacity 86438K, committed 86616K, reserved 1124352K
  class space    used 10632K, capacity 11282K, committed 11392K, reserved 1048576K
}
Event: 180.077 GC heap before
{Heap before GC invocations=20 (full 3):
 PSYoungGen      total 312320K, used 310057K [0x00000000e0000000, 0x00000000f4b00000, 0x0000000100000000)
  eden space 300032K, 100% used [0x00000000e0000000,0x00000000f2500000,0x00000000f2500000)
  from space 12288K, 81% used [0x00000000f3f00000,0x00000000f48ca788,0x00000000f4b00000)
  to   space 19456K, 0% used [0x00000000f2500000,0x00000000f2500000,0x00000000f3800000)
 ParOldGen       total 113664K, used 43161K [0x00000000a0000000, 0x00000000a6f00000, 0x00000000e0000000)
  object space 113664K, 37% used [0x00000000a0000000,0x00000000a2a26408,0x00000000a6f00000)
 Metaspace       used 92780K, capacity 96944K, committed 97240K, reserved 1134592K
  class space    used 11968K, capacity 12779K, committed 12800K, reserved 1048576K
Event: 180.124 GC heap after
Heap after GC invocations=20 (full 3):
 PSYoungGen      total 319488K, used 15735K [0x00000000e0000000, 0x00000000f4b00000, 0x0000000100000000)
  eden space 300032K, 0% used [0x00000000e0000000,0x00000000e0000000,0x00000000f2500000)
  from space 19456K, 80% used [0x00000000f2500000,0x00000000f345dcf0,0x00000000f3800000)
  to   space 12288K, 0% used [0x00000000f3f00000,0x00000000f3f00000,0x00000000f4b00000)
 ParOldGen       total 113664K, used 43177K [0x00000000a0000000, 0x00000000a6f00000, 0x00000000e0000000)
  object space 113664K, 37% used [0x00000000a0000000,0x00000000a2a2a408,0x00000000a6f00000)
 Metaspace       used 92780K, capacity 96944K, committed 97240K, reserved 1134592K
  class space    used 11968K, capacity 12779K, committed 12800K, reserved 1048576K
}

Deoptimization events (10 events):
Event: 179.736 Thread 0x000000001eafe000 Uncommon trap: reason=unstable_if action=reinterpret pc=0x000000000550599c method=com.android.tools.r8.utils.O.hasNext()Z @ 29
Event: 179.812 Thread 0x000000001eafe000 Uncommon trap: reason=unstable_if action=reinterpret pc=0x0000000002ce2af0 method=java.util.TimSort.mergeHi(IIII)V @ 529
Event: 179.812 Thread 0x000000001eafe000 Uncommon trap: reason=unstable_if action=reinterpret pc=0x0000000004f5a6e8 method=java.util.TimSort.mergeLo(IIII)V @ 87
Event: 179.856 Thread 0x000000001eafe000 Uncommon trap: reason=unstable_if action=reinterpret pc=0x0000000005453f20 method=com.android.tools.r8.dex.DexOutputBuffer.j(I)V @ 8
Event: 180.202 Thread 0x000000001b45c800 Uncommon trap: reason=unstable_if action=reinterpret pc=0x00000000034a096c method=java.nio.Bits.copyToArray(JLjava/lang/Object;JJJ)V @ 19
Event: 180.308 Thread 0x000000001b45f800 Uncommon trap: reason=unloaded action=reinterpret pc=0x0000000004d18004 method=com.android.tools.r8.code.InstructionFactory.readSequenceFrom(Ljava/nio/ShortBuffer;IILcom/android/tools/r8/graph/OffsetToObjectMapping;)[Lcom/android/tools/r8/code/Instruction
Event: 180.692 Thread 0x000000001b459800 Uncommon trap: reason=class_check action=maybe_recompile pc=0x0000000003fc09e8 method=java.util.Spliterators$ArraySpliterator.forEachRemaining(Ljava/util/function/Consumer;)V @ 53
Event: 180.693 Thread 0x000000001b459800 Uncommon trap: reason=unstable_if action=reinterpret pc=0x0000000003fc0a48 method=java.util.Spliterators$ArraySpliterator.forEachRemaining(Ljava/util/function/Consumer;)V @ 46
Event: 181.152 Thread 0x000000001ef54000 Uncommon trap: reason=predicate action=maybe_recompile pc=0x0000000004b8b4d8 method=java.util.TimSort.reverseRange([Ljava/lang/Object;II)V @ 8
Event: 181.159 Thread 0x000000001b458800 Uncommon trap: reason=unstable_if action=reinterpret pc=0x00000000043473a4 method=org.gradle.execution.plan.Node.isComplete()Z @ 17

Classes redefined (0 events):
No events

Internal exceptions (10 events):
Event: 178.655 Thread 0x000000001b458800 Exception <a 'java/lang/NoSuchMethodError': <clinit>> (0x00000000eb98d440) thrown at [D:\src\AOSP-openjdk-cygwin\jdk8u\hotspot\src\share\vm\prims\jni.cpp, line 1614]
Event: 178.740 Thread 0x000000001eaf5000 Exception <a 'sun/nio/fs/WindowsException'> (0x00000000ebff9a38) thrown at [D:\src\AOSP-openjdk-cygwin\jdk8u\hotspot\src\share\vm\prims\jni.cpp, line 710]
Event: 179.091 Thread 0x000000001eafe000 Implicit null exception at 0x0000000003ebb4af to 0x0000000003ebb5a1
Event: 180.006 Thread 0x000000001eafe000 Exception <a 'sun/nio/fs/WindowsException'> (0x00000000f22e7c50) thrown at [D:\src\AOSP-openjdk-cygwin\jdk8u\hotspot\src\share\vm\prims\jni.cpp, line 710]
Event: 180.203 Thread 0x000000001b45c800 Exception <a 'sun/nio/fs/WindowsException'> (0x00000000e0b04840) thrown at [D:\src\AOSP-openjdk-cygwin\jdk8u\hotspot\src\share\vm\prims\jni.cpp, line 710]
Event: 180.974 Thread 0x000000001eaff000 Exception <a 'sun/nio/fs/WindowsException'> (0x00000000e67d4250) thrown at [D:\src\AOSP-openjdk-cygwin\jdk8u\hotspot\src\share\vm\prims\jni.cpp, line 710]
Event: 181.103 Thread 0x000000001eaff000 Exception <a 'java/lang/OutOfMemoryError'> (0x00000000e67d4ca8) thrown at [D:\src\AOSP-openjdk-cygwin\jdk8u\hotspot\src\share\vm\prims\unsafe.cpp, line 618]
Event: 181.151 Thread 0x000000001ef54000 Exception <a 'java/lang/NoSuchMethodError': <clinit>> (0x00000000e0098840) thrown at [D:\src\AOSP-openjdk-cygwin\jdk8u\hotspot\src\share\vm\prims\jni.cpp, line 1614]
Event: 181.152 Thread 0x000000001ef54000 Exception <a 'java/lang/NoSuchMethodError': <clinit>> (0x00000000e688ac80) thrown at [D:\src\AOSP-openjdk-cygwin\jdk8u\hotspot\src\share\vm\prims\jni.cpp, line 1614]
Event: 181.161 Thread 0x000000001ef54000 Exception <a 'java/lang/NoSuchMethodError': <clinit>> (0x00000000e6979458) thrown at [D:\src\AOSP-openjdk-cygwin\jdk8u\hotspot\src\share\vm\prims\jni.cpp, line 1614]

Events (10 events):
Event: 181.151 loading class org/gradle/internal/execution/steps/CatchExceptionStep$1 done
Event: 181.152 Thread 0x000000001ef54000 Uncommon trap: trap_request=0xffffff86 fr.pc=0x0000000004b8b4d8
Event: 181.152 Thread 0x000000001ef54000 DEOPT PACKING pc=0x0000000004b8b4d8 sp=0x000000001cebd990
Event: 181.152 Thread 0x000000001ef54000 DEOPT UNPACKING pc=0x0000000002a2557b sp=0x000000001cebd8c8 mode 2
Event: 181.153 Thread 0x00000000176fc800 flushing nmethod 0x0000000004a5eb10
Event: 181.153 Thread 0x00000000176fc800 flushing nmethod 0x0000000004ae6e50
Event: 181.157 Thread 0x00000000176fc800 flushing nmethod 0x000000000518e010
Event: 181.159 Thread 0x000000001b458800 Uncommon trap: trap_request=0xffffff65 fr.pc=0x00000000043473a4
Event: 181.159 Thread 0x000000001b458800 DEOPT PACKING pc=0x00000000043473a4 sp=0x000000002525ebf0
Event: 181.159 Thread 0x000000001b458800 DEOPT UNPACKING pc=0x0000000002a2557b sp=0x000000002525eb88 mode 2


Dynamic libraries:
0x00007ff7a4670000 - 0x00007ff7a46a1000 	E:\software\Android\Android Studio\jre\bin\java.exe
0x00007ff913760000 - 0x00007ff913950000 	C:\WINDOWS\SYSTEM32\ntdll.dll
0x00007ff911b00000 - 0x00007ff911bb2000 	C:\WINDOWS\System32\KERNEL32.DLL
0x00007ff910820000 - 0x00007ff910ac3000 	C:\WINDOWS\System32\KERNELBASE.dll
0x00007ff913530000 - 0x00007ff9135d3000 	C:\WINDOWS\System32\ADVAPI32.dll
0x00007ff911ce0000 - 0x00007ff911d7e000 	C:\WINDOWS\System32\msvcrt.dll
0x00007ff9133c0000 - 0x00007ff913457000 	C:\WINDOWS\System32\sechost.dll
0x00007ff912a40000 - 0x00007ff912b60000 	C:\WINDOWS\System32\RPCRT4.dll
0x00007ff911f90000 - 0x00007ff912124000 	C:\WINDOWS\System32\USER32.dll
0x00007ff911740000 - 0x00007ff911761000 	C:\WINDOWS\System32\win32u.dll
0x00007ff912b60000 - 0x00007ff912b86000 	C:\WINDOWS\System32\GDI32.dll
0x00007ff9114f0000 - 0x00007ff911684000 	C:\WINDOWS\System32\gdi32full.dll
0x00007ff9106f0000 - 0x00007ff91078e000 	C:\WINDOWS\System32\msvcp_win.dll
0x00007ff910ad0000 - 0x00007ff910bca000 	C:\WINDOWS\System32\ucrtbase.dll
0x00007ff903020000 - 0x00007ff9032a5000 	C:\WINDOWS\WinSxS\amd64_microsoft.windows.common-controls_6595b64144ccf1df_6.0.18362.720_none_e6beb5c51314836b\COMCTL32.dll
0x00007ff912130000 - 0x00007ff912466000 	C:\WINDOWS\System32\combase.dll
0x00007ff911790000 - 0x00007ff911810000 	C:\WINDOWS\System32\bcryptPrimitives.dll
0x00007ff911810000 - 0x00007ff91183e000 	C:\WINDOWS\System32\IMM32.DLL
0x00000000694a0000 - 0x0000000069572000 	E:\software\Android\Android Studio\jre\jre\bin\msvcr100.dll
0x0000000066730000 - 0x0000000066f76000 	E:\software\Android\Android Studio\jre\jre\bin\server\jvm.dll
0x00007ff911f80000 - 0x00007ff911f88000 	C:\WINDOWS\System32\PSAPI.DLL
0x00007ff90e4c0000 - 0x00007ff90e4c9000 	C:\WINDOWS\SYSTEM32\WSOCK32.dll
0x00007ff913460000 - 0x00007ff9134cf000 	C:\WINDOWS\System32\WS2_32.dll
0x00007ff910210000 - 0x00007ff91021a000 	C:\WINDOWS\SYSTEM32\VERSION.dll
0x00007ff90de60000 - 0x00007ff90de84000 	C:\WINDOWS\SYSTEM32\WINMM.dll
0x00007ff90dc50000 - 0x00007ff90dc7d000 	C:\WINDOWS\SYSTEM32\winmmbase.dll
0x00007ff911350000 - 0x00007ff91139a000 	C:\WINDOWS\System32\cfgmgr32.dll
0x00007ff90e4a0000 - 0x00007ff90e4af000 	E:\software\Android\Android Studio\jre\jre\bin\verify.dll
0x00007ff90e000000 - 0x00007ff90e029000 	E:\software\Android\Android Studio\jre\jre\bin\java.dll
0x00007ff90e220000 - 0x00007ff90e236000 	E:\software\Android\Android Studio\jre\jre\bin\zip.dll
0x00007ff912cd0000 - 0x00007ff9133b5000 	C:\WINDOWS\System32\SHELL32.dll
0x00007ff911ed0000 - 0x00007ff911f79000 	C:\WINDOWS\System32\shcore.dll
0x00007ff910bd0000 - 0x00007ff911350000 	C:\WINDOWS\System32\windows.storage.dll
0x00007ff9106a0000 - 0x00007ff9106c3000 	C:\WINDOWS\System32\profapi.dll
0x00007ff910630000 - 0x00007ff91067a000 	C:\WINDOWS\System32\powrprof.dll
0x00007ff910620000 - 0x00007ff910630000 	C:\WINDOWS\System32\UMPDC.dll
0x00007ff911a20000 - 0x00007ff911a72000 	C:\WINDOWS\System32\shlwapi.dll
0x00007ff910680000 - 0x00007ff910691000 	C:\WINDOWS\System32\kernel.appcore.dll
0x00007ff911770000 - 0x00007ff911787000 	C:\WINDOWS\System32\cryptsp.dll
0x00007ff90e050000 - 0x00007ff90e06a000 	E:\software\Android\Android Studio\jre\jre\bin\net.dll
0x00007ff90fe10000 - 0x00007ff90fe77000 	C:\WINDOWS\system32\mswsock.dll
0x00007ff90ad00000 - 0x00007ff90ad11000 	E:\software\Android\Android Studio\jre\jre\bin\nio.dll
0x00007ff907ad0000 - 0x00007ff907af6000 	C:\Users\lenovo\.gradle\native\29\windows-amd64\native-platform.dll
0x00007ff90e2f0000 - 0x00007ff90e2fd000 	E:\software\Android\Android Studio\jre\jre\bin\management.dll
0x00007ff90f920000 - 0x00007ff90f953000 	C:\WINDOWS\system32\rsaenh.dll
0x00007ff910790000 - 0x00007ff9107b6000 	C:\WINDOWS\System32\bcrypt.dll
0x00007ff910540000 - 0x00007ff910565000 	C:\WINDOWS\SYSTEM32\USERENV.dll
0x00007ff90ffe0000 - 0x00007ff90ffec000 	C:\WINDOWS\SYSTEM32\CRYPTBASE.dll
0x00007ff90fb20000 - 0x00007ff90fb5a000 	C:\WINDOWS\SYSTEM32\IPHLPAPI.DLL
0x00007ff912b90000 - 0x00007ff912b98000 	C:\WINDOWS\System32\NSI.dll
0x00007ff904c00000 - 0x00007ff904c16000 	C:\WINDOWS\SYSTEM32\dhcpcsvc6.DLL
0x00007ff904be0000 - 0x00007ff904bfc000 	C:\WINDOWS\SYSTEM32\dhcpcsvc.DLL
0x00007ff90fb60000 - 0x00007ff90fc2a000 	C:\WINDOWS\SYSTEM32\DNSAPI.dll
0x00007ff8f1750000 - 0x00007ff8f18ec000 	E:\software\Android\Android Studio\jre\jre\bin\awt.dll
0x00007ff912ba0000 - 0x00007ff912c64000 	C:\WINDOWS\System32\OLEAUT32.dll
0x00007ff90ea00000 - 0x00007ff90ea2d000 	C:\WINDOWS\SYSTEM32\dwmapi.dll
0x00007ff90cfd0000 - 0x00007ff90d590000 	C:\WINDOWS\SYSTEM32\d2d1.dll
0x00007ff90e4e0000 - 0x00007ff90e56f000 	C:\WINDOWS\SYSTEM32\apphelp.dll
0x00007ff90e5e0000 - 0x00007ff90e679000 	C:\WINDOWS\system32\uxtheme.dll

VM Arguments:
jvm_args: -Xmx1536m -Dfile.encoding=GBK -Duser.country=CN -Duser.language=zh -Duser.variant 
java_command: org.gradle.launcher.daemon.bootstrap.GradleDaemon 5.4.1
java_class_path (initial): C:\Users\lenovo\.gradle\wrapper\dists\gradle-5.4.1-all\3221gyojl5jsh0helicew7rwx\gradle-5.4.1\lib\gradle-launcher-5.4.1.jar
Launcher Type: SUN_STANDARD

Environment Variables:
JAVA_HOME=E:\java\jdk
CLASSPATH=E:\java\jdk\lib\dt.jar;E:\java\jdk\lib\tools.jar;
PATH=C:\ProgramData\Oracle\Java\javapath;e:\software\Program Files (x86)\Microsoft SQL Server\100\Tools\Binn\;e:\software\Program Files\Microsoft SQL Server\100\Tools\Binn\;e:\software\Program Files\Microsoft SQL Server\100\DTS\Binn\;e:\software\Program Files (x86)\Microsoft SQL Server\100\Tools\Binn\VSShell\Common7\IDE\;e:\software\Program Files (x86)\Microsoft SQL Server\100\DTS\Binn\;C:\WINDOWS\system32;C:\WINDOWS;C:\WINDOWS\system32\wbem;C:\WINDOWS\System32\Wbem;C:\WINDOWS\System32\WindowsPowerShell\v1.0\;C:\WINDOWS\System32\OpenSSH\;E:\software\新建文件夹 (3)\新建文件夹\common;E:\software\apache-tomcat-8.0.41\lib;E:\software\apache-tomcat-8.0.41\bin;E:\java\jdk\bin;E:\java\jdk\jre\bin;E:\software\MySQL\MySQL Server 5.5\bin;E:\software\Python\Scripts\;E:\software\Python\;C:\Users\lenovo\AppData\Local\Programs\Python\Python37\Scripts\;C:\Users\lenovo\AppData\Local\Programs\Python\Python37\;E:\software\Scripts\;E:\software\;E:\software\新建文件夹\Scripts\;E:\software\新建文件夹\;C:\Users\lenovo\AppData\Local\Microsoft\WindowsApps;E:\java\jdk\bin;E:\software\mysql-5.7.27-winx64\bin;%TOMCAT_HOME%\bin;%TOMCAT_HOME%\lib;
USERNAME=lenovo
OS=Windows_NT
PROCESSOR_IDENTIFIER=Intel64 Family 6 Model 158 Stepping 9, GenuineIntel



---------------  S Y S T E M  ---------------

OS: Windows 10.0 , 64 bit Build 18362 (10.0.18362.329)

CPU:total 4 (initial active 4) (4 cores per cpu, 1 threads per core) family 6 model 158 stepping 9, cmov, cx8, fxsr, mmx, sse, sse2, sse3, ssse3, sse4.1, sse4.2, popcnt, avx, avx2, aes, clmul, erms, 3dnowpref, lzcnt, tsc, tscinvbit, bmi1, bmi2, adx

Memory: 4k page, physical 8278180k(641368k free), swap 12468388k(2884k free)

vm_info: OpenJDK 64-Bit Server VM (25.202-b03) for windows-amd64 JRE (1.8.0_202-release-1483-b03), built by "builder" with MS VC++ 10.0 (VS2010)

time: Mon Nov 16 14:43:23 2020
timezone: 中国标准时间
elapsed time: 181 seconds (0d 0h 3m 1s)

